<?xml version="1.0" encoding="UTF-8"?>
<testng-results ignored="0" total="3" passed="3" failed="0" skipped="0">
  <reporter-output>
  </reporter-output>
  <suite started-at="2025-03-29T21:18:24 IST" name="Default suite" finished-at="2025-03-29T21:18:29 IST" duration-ms="5343">
    <groups>
    </groups>
    <test started-at="2025-03-29T21:18:24 IST" name="Default test" finished-at="2025-03-29T21:18:29 IST" duration-ms="5343">
      <class name="GowriPrabhu.Test.Onboarding">
        <test-method is-config="true" signature="launchApplication()[pri:0, instance:GowriPrabhu.Test.Onboarding@385c9627]" started-at="2025-03-29T21:18:24 IST" name="launchApplication" finished-at="2025-03-29T21:18:27 IST" duration-ms="3074" status="PASS">
          <reporter-output>
          </reporter-output>
        </test-method> <!-- launchApplication -->
        <test-method signature="testCaseData(java.lang.String,java.lang.String,java.lang.String,java.lang.String,java.lang.String,java.lang.String,java.lang.String,java.lang.String,java.lang.String,java.lang.String,java.lang.String,java.lang.String)[pri:0, instance:GowriPrabhu.Test.Onboarding@385c9627]" started-at="2025-03-29T21:18:29 IST" name="testCaseData" data-provider="getDataFromExcel" finished-at="2025-03-29T21:18:29 IST" duration-ms="28" status="PASS">
          <params>
            <param index="0">
              <value>
                <![CDATA[9876545678]]>
              </value>
            </param>
            <param index="1">
              <value>
                <![CDATA[mbvn]]>
              </value>
            </param>
            <param index="2">
              <value>
                <![CDATA[kjh]]>
              </value>
            </param>
            <param index="3">
              <value>
                <![CDATA[45hg]]>
              </value>
            </param>
            <param index="4">
              <value>
                <![CDATA[87ghj]]>
              </value>
            </param>
            <param index="5">
              <value>
                <![CDATA[jhg]]>
              </value>
            </param>
            <param index="6">
              <value>
                <![CDATA[h]]>
              </value>
            </param>
            <param index="7">
              <value>
                <![CDATA[jg]]>
              </value>
            </param>
            <param index="8">
              <value>
                <![CDATA[jhgfc]]>
              </value>
            </param>
            <param index="9">
              <value>
                <![CDATA[fgdfgv]]>
              </value>
            </param>
            <param index="10">
              <value>
                <![CDATA[98765]]>
              </value>
            </param>
            <param index="11">
              <value>
                <![CDATA[jhgf]]>
              </value>
            </param>
          </params>
          <reporter-output>
          </reporter-output>
        </test-method> <!-- testCaseData -->
        <test-method signature="testCaseData(java.lang.String,java.lang.String,java.lang.String,java.lang.String,java.lang.String,java.lang.String,java.lang.String,java.lang.String,java.lang.String,java.lang.String,java.lang.String,java.lang.String)[pri:0, instance:GowriPrabhu.Test.Onboarding@385c9627]" started-at="2025-03-29T21:18:29 IST" name="testCaseData" data-provider="getDataFromExcel" finished-at="2025-03-29T21:18:29 IST" duration-ms="4" status="PASS">
          <params>
            <param index="0">
              <value>
                <![CDATA[lkjhdfghjkl]]>
              </value>
            </param>
            <param index="1">
              <value>
                <![CDATA[;l'kjhkl]]>
              </value>
            </param>
            <param index="2">
              <value>
                <![CDATA[jhgfhjk]]>
              </value>
            </param>
            <param index="3">
              <value>
                <![CDATA[ljkhg]]>
              </value>
            </param>
            <param index="4">
              <value>
                <![CDATA[jhkgf]]>
              </value>
            </param>
            <param index="5">
              <value>
                <![CDATA[nm,bvcx]]>
              </value>
            </param>
            <param index="6">
              <value>
                <![CDATA[jkhfg]]>
              </value>
            </param>
            <param index="7">
              <value>
                <![CDATA[khgf]]>
              </value>
            </param>
            <param index="8">
              <value>
                <![CDATA[grfd]]>
              </value>
            </param>
            <param index="9">
              <value>
                <![CDATA[tghf]]>
              </value>
            </param>
            <param index="10">
              <value>
                <![CDATA[98765445]]>
              </value>
            </param>
            <param index="11">
              <value>
                <![CDATA[hgfdghj]]>
              </value>
            </param>
          </params>
          <reporter-output>
          </reporter-output>
        </test-method> <!-- testCaseData -->
        <test-method signature="testCaseData(java.lang.String,java.lang.String,java.lang.String,java.lang.String,java.lang.String,java.lang.String,java.lang.String,java.lang.String,java.lang.String,java.lang.String,java.lang.String,java.lang.String)[pri:0, instance:GowriPrabhu.Test.Onboarding@385c9627]" started-at="2025-03-29T21:18:29 IST" name="testCaseData" data-provider="getDataFromExcel" finished-at="2025-03-29T21:18:29 IST" duration-ms="9" status="PASS">
          <params>
            <param index="0">
              <value>
                <![CDATA[kljhfgf]]>
              </value>
            </param>
            <param index="1">
              <value>
                <![CDATA[ghjk]]>
              </value>
            </param>
            <param index="2">
              <value>
                <![CDATA[kljhgf]]>
              </value>
            </param>
            <param index="3">
              <value>
                <![CDATA[kljhgf]]>
              </value>
            </param>
            <param index="4">
              <value>
                <![CDATA[kjhfg]]>
              </value>
            </param>
            <param index="5">
              <value>
                <![CDATA[hgf]]>
              </value>
            </param>
            <param index="6">
              <value>
                <![CDATA[xcvb]]>
              </value>
            </param>
            <param index="7">
              <value>
                <![CDATA[,mnbv]]>
              </value>
            </param>
            <param index="8">
              <value>
                <![CDATA[werty]]>
              </value>
            </param>
            <param index="9">
              <value>
                <![CDATA[ytre]]>
              </value>
            </param>
            <param index="10">
              <value>
                <![CDATA[8765434578]]>
              </value>
            </param>
            <param index="11">
              <value>
                <![CDATA[hgfdgv]]>
              </value>
            </param>
          </params>
          <reporter-output>
          </reporter-output>
        </test-method> <!-- testCaseData -->
        <test-method is-config="true" signature="tearDown()[pri:0, instance:GowriPrabhu.Test.Onboarding@385c9627]" started-at="2025-03-29T21:18:29 IST" name="tearDown" finished-at="2025-03-29T21:18:29 IST" duration-ms="449" status="PASS">
          <reporter-output>
          </reporter-output>
        </test-method> <!-- tearDown -->
      </class> <!-- GowriPrabhu.Test.Onboarding -->
    </test> <!-- Default test -->
  </suite> <!-- Default suite -->
</testng-results>
