<?xml version="1.0" encoding="UTF-8"?>
<!-- Generated by org.testng.reporters.JUnitXMLReporter -->
<testsuite ignored="2" hostname="DESKTOP-30I1BLI" failures="0" tests="3" name="Default test" time="92.526" errors="0" timestamp="2025-03-13T18:07:11 IST">
  <testcase classname="GowriPrabhu.Test.PO_CreationUsing_JsonData" name="CreatePurchaseOrder" time="54.591"/>
  <testcase classname="GowriPrabhu.Test.PO_CreationUsing_JsonData" name="LoginAsCPandConfirmDirectly" time="18.685"/>
  <testcase classname="GowriPrabhu.Test.PO_CreationUsing_JsonData" name="Branch_Manage_Approval" time="15.963"/>
  <testcase classname="GowriPrabhu.Test.PO_CreationUsing_JsonData" name="Approvals_for_PurchaseOrder_AfterEditing" time="0.0">
    <ignored/>
  </testcase> <!-- Approvals_for_PurchaseOrder_AfterEditing -->
  <testcase classname="GowriPrabhu.Test.PO_CreationUsing_JsonData" name="LoginAsCPandConfirmAfterEditing" time="0.0">
    <ignored/>
  </testcase> <!-- LoginAsCPandConfirmAfterEditing -->
</testsuite> <!-- Default test -->
