<?xml version="1.0" encoding="UTF-8"?>
<!-- Generated by org.testng.reporters.JUnitXMLReporter -->
<testsuite ignored="0" hostname="DESKTOP-30I1BLI" failures="0" tests="3" name="Default test" time="5.343" errors="0" timestamp="2025-03-29T21:18:29 IST">
  <testcase classname="GowriPrabhu.Test.Onboarding" name="testCaseData" time="0.028"/>
  <testcase classname="GowriPrabhu.Test.Onboarding" name="testCaseData" time="0.004"/>
  <testcase classname="GowriPrabhu.Test.Onboarding" name="testCaseData" time="0.009"/>
</testsuite> <!-- Default test -->
