<?xml version="1.0" encoding="UTF-8"?>
<testng-results ignored="0" total="5" passed="3" failed="1" skipped="1">
  <reporter-output>
  </reporter-output>
  <suite started-at="2025-03-11T23:07:00 IST" name="Suite" finished-at="2025-03-11T23:09:26 IST" duration-ms="146880">
    <groups>
      <group name="withEdit">
        <method signature="PO_Creation.LoginAsCPandConfirmAfterEditing(java.lang.String,java.lang.String,java.lang.String,java.lang.String,[Ljava.lang.String;,java.lang.String,java.lang.String,java.lang.String)[pri:0, instance:GowriPrabhu.Test.PO_Creation@7a138fc5]" name="LoginAsCPandConfirmAfterEditing" class="GowriPrabhu.Test.PO_Creation"/>
        <method signature="PO_Creation.Approvals_for_PurchaseOrder_AfterEditing(java.lang.String,java.lang.String,java.lang.String,java.lang.String,[Ljava.lang.String;,java.lang.String,java.lang.String,java.lang.String)[pri:0, instance:GowriPrabhu.Test.PO_Creation@7a138fc5]" name="Approvals_for_PurchaseOrder_AfterEditing" class="GowriPrabhu.Test.PO_Creation"/>
      </group> <!-- withEdit -->
      <group name="withoutEdit">
        <method signature="PO_Creation.LoginAsCPandConfirmDirectly(java.lang.String,java.lang.String,java.lang.String,java.lang.String,[Ljava.lang.String;,java.lang.String,java.lang.String,java.lang.String)[pri:0, instance:GowriPrabhu.Test.PO_Creation@7a138fc5]" name="LoginAsCPandConfirmDirectly" class="GowriPrabhu.Test.PO_Creation"/>
        <method signature="PO_Creation.Branch_Manage_Approval(java.lang.String,java.lang.String,java.lang.String,java.lang.String,[Ljava.lang.String;,java.lang.String,java.lang.String,java.lang.String)[pri:0, instance:GowriPrabhu.Test.PO_Creation@7a138fc5]" name="Branch_Manage_Approval" class="GowriPrabhu.Test.PO_Creation"/>
      </group> <!-- withoutEdit -->
      <group name="orderFlow">
        <method signature="PO_Creation.CreatePurchaseOrder(java.lang.String,java.lang.String,java.lang.String,java.lang.String,[Ljava.lang.String;,java.lang.String,java.lang.String,java.lang.String)[pri:0, instance:GowriPrabhu.Test.PO_Creation@7a138fc5]" name="CreatePurchaseOrder" class="GowriPrabhu.Test.PO_Creation"/>
      </group> <!-- orderFlow -->
    </groups>
    <test started-at="2025-03-11T23:07:00 IST" name="Base Test" finished-at="2025-03-11T23:07:00 IST" duration-ms="13">
    </test> <!-- Base Test -->
    <test started-at="2025-03-11T23:07:00 IST" name="Test" finished-at="2025-03-11T23:09:26 IST" duration-ms="146251">
      <class name="GowriPrabhu.Test.PO_Creation">
        <test-method is-config="true" signature="launchApplication()[pri:0, instance:GowriPrabhu.Test.PO_Creation@7a138fc5]" started-at="2025-03-11T23:07:00 IST" name="launchApplication" finished-at="2025-03-11T23:07:03 IST" duration-ms="2322" status="PASS">
          <reporter-output>
          </reporter-output>
        </test-method> <!-- launchApplication -->
        <test-method signature="CreatePurchaseOrder(java.lang.String,java.lang.String,java.lang.String,java.lang.String,[Ljava.lang.String;,java.lang.String,java.lang.String,java.lang.String)[pri:0, instance:GowriPrabhu.Test.PO_Creation@7a138fc5]" started-at="2025-03-11T23:07:03 IST" name="CreatePurchaseOrder" data-provider="getData" finished-at="2025-03-11T23:07:46 IST" duration-ms="42918" status="PASS">
          <params>
            <param index="0">
              <value>
                <![CDATA[Ine00913]]>
              </value>
            </param>
            <param index="1">
              <value>
                <![CDATA[password]]>
              </value>
            </param>
            <param index="2">
              <value>
                <![CDATA[834911]]>
              </value>
            </param>
            <param index="3">
              <value>
                <![CDATA[1967391]]>
              </value>
            </param>
            <param index="4">
              <value>
                <![CDATA[[Ljava.lang.String;@63ec445c]]>
              </value>
            </param>
            <param index="5">
              <value>
                <![CDATA[2]]>
              </value>
            </param>
            <param index="6">
              <value>
                <![CDATA[Ine00688]]>
              </value>
            </param>
            <param index="7">
              <value>
                <![CDATA[5]]>
              </value>
            </param>
          </params>
          <reporter-output>
          </reporter-output>
        </test-method> <!-- CreatePurchaseOrder -->
        <test-method is-config="true" signature="tearDown()[pri:0, instance:GowriPrabhu.Test.PO_Creation@7a138fc5]" started-at="2025-03-11T23:07:46 IST" name="tearDown" finished-at="2025-03-11T23:07:46 IST" duration-ms="79" status="PASS">
          <reporter-output>
          </reporter-output>
        </test-method> <!-- tearDown -->
        <test-method is-config="true" signature="launchApplication()[pri:0, instance:GowriPrabhu.Test.PO_Creation@7a138fc5]" started-at="2025-03-11T23:07:46 IST" name="launchApplication" finished-at="2025-03-11T23:07:47 IST" duration-ms="1595" status="PASS">
          <reporter-output>
          </reporter-output>
        </test-method> <!-- launchApplication -->
        <test-method signature="LoginAsCPandConfirmAfterEditing(java.lang.String,java.lang.String,java.lang.String,java.lang.String,[Ljava.lang.String;,java.lang.String,java.lang.String,java.lang.String)[pri:0, instance:GowriPrabhu.Test.PO_Creation@7a138fc5]" started-at="2025-03-11T23:07:47 IST" name="LoginAsCPandConfirmAfterEditing" data-provider="getData" finished-at="2025-03-11T23:08:10 IST" depends-on-methods="GowriPrabhu.Test.PO_Creation.CreatePurchaseOrder" duration-ms="22797" status="PASS">
          <params>
            <param index="0">
              <value>
                <![CDATA[Ine00913]]>
              </value>
            </param>
            <param index="1">
              <value>
                <![CDATA[password]]>
              </value>
            </param>
            <param index="2">
              <value>
                <![CDATA[834911]]>
              </value>
            </param>
            <param index="3">
              <value>
                <![CDATA[1967391]]>
              </value>
            </param>
            <param index="4">
              <value>
                <![CDATA[[Ljava.lang.String;@9b9a327]]>
              </value>
            </param>
            <param index="5">
              <value>
                <![CDATA[2]]>
              </value>
            </param>
            <param index="6">
              <value>
                <![CDATA[Ine00688]]>
              </value>
            </param>
            <param index="7">
              <value>
                <![CDATA[5]]>
              </value>
            </param>
          </params>
          <reporter-output>
          </reporter-output>
        </test-method> <!-- LoginAsCPandConfirmAfterEditing -->
        <test-method is-config="true" signature="tearDown()[pri:0, instance:GowriPrabhu.Test.PO_Creation@7a138fc5]" started-at="2025-03-11T23:08:10 IST" name="tearDown" finished-at="2025-03-11T23:08:10 IST" duration-ms="112" status="PASS">
          <reporter-output>
          </reporter-output>
        </test-method> <!-- tearDown -->
        <test-method is-config="true" signature="launchApplication()[pri:0, instance:GowriPrabhu.Test.PO_Creation@7a138fc5]" started-at="2025-03-11T23:08:10 IST" name="launchApplication" finished-at="2025-03-11T23:08:12 IST" duration-ms="1981" status="PASS">
          <reporter-output>
          </reporter-output>
        </test-method> <!-- launchApplication -->
        <test-method signature="LoginAsCPandConfirmDirectly(java.lang.String,java.lang.String,java.lang.String,java.lang.String,[Ljava.lang.String;,java.lang.String,java.lang.String,java.lang.String)[pri:0, instance:GowriPrabhu.Test.PO_Creation@7a138fc5]" started-at="2025-03-11T23:08:12 IST" name="LoginAsCPandConfirmDirectly" data-provider="getData" finished-at="2025-03-11T23:08:54 IST" depends-on-methods="GowriPrabhu.Test.PO_Creation.CreatePurchaseOrder" duration-ms="41878" status="FAIL">
          <params>
            <param index="0">
              <value>
                <![CDATA[Ine00913]]>
              </value>
            </param>
            <param index="1">
              <value>
                <![CDATA[password]]>
              </value>
            </param>
            <param index="2">
              <value>
                <![CDATA[834911]]>
              </value>
            </param>
            <param index="3">
              <value>
                <![CDATA[1967391]]>
              </value>
            </param>
            <param index="4">
              <value>
                <![CDATA[[Ljava.lang.String;@7951c3a2]]>
              </value>
            </param>
            <param index="5">
              <value>
                <![CDATA[2]]>
              </value>
            </param>
            <param index="6">
              <value>
                <![CDATA[Ine00688]]>
              </value>
            </param>
            <param index="7">
              <value>
                <![CDATA[5]]>
              </value>
            </param>
          </params>
          <exception class="org.openqa.selenium.TimeoutException">
            <message>
              <![CDATA[Expected condition failed: waiting for visibility of [[ChromeDriver: chrome on windows (04106751f882f90d63757691cbf22f35)] -> xpath: //button[normalize-space()='Confirm']] (tried for 30 second(s) with 500 milliseconds interval)
Build info: version: '4.29.0', revision: '5fc1ec94cb'
System info: os.name: 'Windows 10', os.arch: 'amd64', os.version: '10.0', java.version: '21.0.1'
Driver info: org.openqa.selenium.chrome.ChromeDriver
Capabilities {acceptInsecureCerts: false, browserName: chrome, browserVersion: 134.0.6998.35, chrome: {chromedriverVersion: 134.0.6998.88 (7e3d5c978c6d..., userDataDir: C:\Users\WINIT\AppData\Loca...}, fedcm:accounts: true, goog:chromeOptions: {debuggerAddress: localhost:56275}, networkConnectionEnabled: false, pageLoadStrategy: normal, platformName: windows, proxy: Proxy(), se:cdp: ws://localhost:56275/devtoo..., se:cdpVersion: 134.0.6998.35, setWindowRect: true, strictFileInteractability: false, timeouts: {implicit: 0, pageLoad: 300000, script: 30000}, unhandledPromptBehavior: dismiss and notify, webauthn:extension:credBlob: true, webauthn:extension:largeBlob: true, webauthn:extension:minPinLength: true, webauthn:extension:prf: true, webauthn:virtualAuthenticators: true}
Session ID: 04106751f882f90d63757691cbf22f35]]>
            </message>
            <full-stacktrace>
              <![CDATA[org.openqa.selenium.TimeoutException: Expected condition failed: waiting for visibility of [[ChromeDriver: chrome on windows (04106751f882f90d63757691cbf22f35)] -> xpath: //button[normalize-space()='Confirm']] (tried for 30 second(s) with 500 milliseconds interval)
Build info: version: '4.29.0', revision: '5fc1ec94cb'
System info: os.name: 'Windows 10', os.arch: 'amd64', os.version: '10.0', java.version: '21.0.1'
Driver info: org.openqa.selenium.chrome.ChromeDriver
Capabilities {acceptInsecureCerts: false, browserName: chrome, browserVersion: 134.0.6998.35, chrome: {chromedriverVersion: 134.0.6998.88 (7e3d5c978c6d..., userDataDir: C:\Users\WINIT\AppData\Loca...}, fedcm:accounts: true, goog:chromeOptions: {debuggerAddress: localhost:56275}, networkConnectionEnabled: false, pageLoadStrategy: normal, platformName: windows, proxy: Proxy(), se:cdp: ws://localhost:56275/devtoo..., se:cdpVersion: 134.0.6998.35, setWindowRect: true, strictFileInteractability: false, timeouts: {implicit: 0, pageLoad: 300000, script: 30000}, unhandledPromptBehavior: dismiss and notify, webauthn:extension:credBlob: true, webauthn:extension:largeBlob: true, webauthn:extension:minPinLength: true, webauthn:extension:prf: true, webauthn:virtualAuthenticators: true}
Session ID: 04106751f882f90d63757691cbf22f35
at org.openqa.selenium.support.ui.WebDriverWait.timeoutException(WebDriverWait.java:84)
at org.openqa.selenium.support.ui.FluentWait.until(FluentWait.java:228)
at GowriPrabhu.AbstractComponents.AbstractComponent.waitForElementToAppear(AbstractComponent.java:47)
at GowriPrabhu.pageobjects.ViewPurchaseOrderPage.ConfirmTheOrderDirectly(ViewPurchaseOrderPage.java:159)
at GowriPrabhu.Test.PO_Creation.LoginAsCPandConfirmDirectly(PO_Creation.java:88)
at java.base/jdk.internal.reflect.DirectMethodHandleAccessor.invoke(DirectMethodHandleAccessor.java:103)
at java.base/java.lang.reflect.Method.invoke(Method.java:580)
at org.testng.internal.invokers.MethodInvocationHelper.invokeMethod(MethodInvocationHelper.java:141)
at org.testng.internal.invokers.TestInvoker.invokeMethod(TestInvoker.java:686)
at org.testng.internal.invokers.TestInvoker.invokeTestMethod(TestInvoker.java:230)
at org.testng.internal.invokers.MethodRunner.runInSequence(MethodRunner.java:63)
at org.testng.internal.invokers.TestInvoker$MethodInvocationAgent.invoke(TestInvoker.java:992)
at org.testng.internal.invokers.TestInvoker.invokeTestMethods(TestInvoker.java:203)
at org.testng.internal.invokers.TestMethodWorker.invokeTestMethods(TestMethodWorker.java:154)
at org.testng.internal.invokers.TestMethodWorker.run(TestMethodWorker.java:134)
at java.base/java.util.ArrayList.forEach(ArrayList.java:1596)
at org.testng.TestRunner.privateRun(TestRunner.java:739)
at org.testng.TestRunner.run(TestRunner.java:614)
at org.testng.SuiteRunner.runTest(SuiteRunner.java:421)
at org.testng.SuiteRunner.runSequentially(SuiteRunner.java:413)
at org.testng.SuiteRunner.privateRun(SuiteRunner.java:373)
at org.testng.SuiteRunner.run(SuiteRunner.java:312)
at org.testng.SuiteRunnerWorker.runSuite(SuiteRunnerWorker.java:52)
at org.testng.SuiteRunnerWorker.run(SuiteRunnerWorker.java:95)
at org.testng.TestNG.runSuitesSequentially(TestNG.java:1274)
at org.testng.TestNG.runSuitesLocally(TestNG.java:1208)
at org.testng.TestNG.runSuites(TestNG.java:1112)
at org.testng.TestNG.run(TestNG.java:1079)
at org.apache.maven.surefire.testng.TestNGExecutor.run(TestNGExecutor.java:308)
at org.apache.maven.surefire.testng.TestNGXmlTestSuite.execute(TestNGXmlTestSuite.java:71)
at org.apache.maven.surefire.testng.TestNGProvider.invoke(TestNGProvider.java:113)
at org.apache.maven.surefire.booter.ForkedBooter.runSuitesInProcess(ForkedBooter.java:385)
at org.apache.maven.surefire.booter.ForkedBooter.execute(ForkedBooter.java:162)
at org.apache.maven.surefire.booter.ForkedBooter.run(ForkedBooter.java:507)
at org.apache.maven.surefire.booter.ForkedBooter.main(ForkedBooter.java:495)
]]>
            </full-stacktrace>
          </exception> <!-- org.openqa.selenium.TimeoutException -->
          <reporter-output>
          </reporter-output>
        </test-method> <!-- LoginAsCPandConfirmDirectly -->
        <test-method is-config="true" signature="tearDown()[pri:0, instance:GowriPrabhu.Test.PO_Creation@7a138fc5]" started-at="2025-03-11T23:08:54 IST" name="tearDown" finished-at="2025-03-11T23:08:54 IST" duration-ms="107" status="PASS">
          <reporter-output>
          </reporter-output>
        </test-method> <!-- tearDown -->
        <test-method is-config="true" signature="launchApplication()[pri:0, instance:GowriPrabhu.Test.PO_Creation@7a138fc5]" started-at="2025-03-11T23:08:54 IST" name="launchApplication" finished-at="2025-03-11T23:08:57 IST" duration-ms="2324" status="PASS">
          <reporter-output>
          </reporter-output>
        </test-method> <!-- launchApplication -->
        <test-method signature="Approvals_for_PurchaseOrder_AfterEditing(java.lang.String,java.lang.String,java.lang.String,java.lang.String,[Ljava.lang.String;,java.lang.String,java.lang.String,java.lang.String)[pri:0, instance:GowriPrabhu.Test.PO_Creation@7a138fc5]" started-at="2025-03-11T23:08:57 IST" name="Approvals_for_PurchaseOrder_AfterEditing" data-provider="getData" finished-at="2025-03-11T23:09:26 IST" depends-on-methods="GowriPrabhu.Test.PO_Creation.LoginAsCPandConfirmAfterEditing" duration-ms="29611" status="PASS">
          <params>
            <param index="0">
              <value>
                <![CDATA[Ine00913]]>
              </value>
            </param>
            <param index="1">
              <value>
                <![CDATA[password]]>
              </value>
            </param>
            <param index="2">
              <value>
                <![CDATA[834911]]>
              </value>
            </param>
            <param index="3">
              <value>
                <![CDATA[1967391]]>
              </value>
            </param>
            <param index="4">
              <value>
                <![CDATA[[Ljava.lang.String;@1ecf0ac6]]>
              </value>
            </param>
            <param index="5">
              <value>
                <![CDATA[2]]>
              </value>
            </param>
            <param index="6">
              <value>
                <![CDATA[Ine00688]]>
              </value>
            </param>
            <param index="7">
              <value>
                <![CDATA[5]]>
              </value>
            </param>
          </params>
          <reporter-output>
          </reporter-output>
        </test-method> <!-- Approvals_for_PurchaseOrder_AfterEditing -->
        <test-method is-config="true" signature="tearDown()[pri:0, instance:GowriPrabhu.Test.PO_Creation@7a138fc5]" started-at="2025-03-11T23:09:26 IST" name="tearDown" finished-at="2025-03-11T23:09:26 IST" duration-ms="113" status="PASS">
          <reporter-output>
          </reporter-output>
        </test-method> <!-- tearDown -->
        <test-method signature="Branch_Manage_Approval(java.lang.String,java.lang.String,java.lang.String,java.lang.String,[Ljava.lang.String;,java.lang.String,java.lang.String,java.lang.String)[pri:0, instance:GowriPrabhu.Test.PO_Creation@7a138fc5]" started-at="2025-03-11T23:09:26 IST" name="Branch_Manage_Approval" finished-at="2025-03-11T23:09:26 IST" depends-on-methods="GowriPrabhu.Test.PO_Creation.LoginAsCPandConfirmDirectly" duration-ms="0" status="SKIP">
          <exception class="java.lang.Throwable">
            <message>
              <![CDATA[Method GowriPrabhu.Test.PO_Creation.Branch_Manage_Approval() on instance GowriPrabhu.Test.PO_Creation@7a138fc5 depends on not successfully finished methods 
[GowriPrabhu.Test.PO_Creation.LoginAsCPandConfirmDirectly() on instance GowriPrabhu.Test.PO_Creation@7a138fc5]]]>
            </message>
            <full-stacktrace>
              <![CDATA[java.lang.Throwable: Method GowriPrabhu.Test.PO_Creation.Branch_Manage_Approval() on instance GowriPrabhu.Test.PO_Creation@7a138fc5 depends on not successfully finished methods 
[GowriPrabhu.Test.PO_Creation.LoginAsCPandConfirmDirectly() on instance GowriPrabhu.Test.PO_Creation@7a138fc5]
at org.testng.internal.invokers.TestInvoker.invokeTestMethods(TestInvoker.java:159)
at org.testng.internal.invokers.TestMethodWorker.invokeTestMethods(TestMethodWorker.java:154)
at org.testng.internal.invokers.TestMethodWorker.run(TestMethodWorker.java:134)
at java.base/java.util.ArrayList.forEach(ArrayList.java:1596)
at org.testng.TestRunner.privateRun(TestRunner.java:739)
at org.testng.TestRunner.run(TestRunner.java:614)
at org.testng.SuiteRunner.runTest(SuiteRunner.java:421)
at org.testng.SuiteRunner.runSequentially(SuiteRunner.java:413)
at org.testng.SuiteRunner.privateRun(SuiteRunner.java:373)
at org.testng.SuiteRunner.run(SuiteRunner.java:312)
at org.testng.SuiteRunnerWorker.runSuite(SuiteRunnerWorker.java:52)
at org.testng.SuiteRunnerWorker.run(SuiteRunnerWorker.java:95)
at org.testng.TestNG.runSuitesSequentially(TestNG.java:1274)
at org.testng.TestNG.runSuitesLocally(TestNG.java:1208)
at org.testng.TestNG.runSuites(TestNG.java:1112)
at org.testng.TestNG.run(TestNG.java:1079)
at org.apache.maven.surefire.testng.TestNGExecutor.run(TestNGExecutor.java:308)
at org.apache.maven.surefire.testng.TestNGXmlTestSuite.execute(TestNGXmlTestSuite.java:71)
at org.apache.maven.surefire.testng.TestNGProvider.invoke(TestNGProvider.java:113)
at org.apache.maven.surefire.booter.ForkedBooter.runSuitesInProcess(ForkedBooter.java:385)
at org.apache.maven.surefire.booter.ForkedBooter.execute(ForkedBooter.java:162)
at org.apache.maven.surefire.booter.ForkedBooter.run(ForkedBooter.java:507)
at org.apache.maven.surefire.booter.ForkedBooter.main(ForkedBooter.java:495)
]]>
            </full-stacktrace>
          </exception> <!-- java.lang.Throwable -->
          <reporter-output>
          </reporter-output>
        </test-method> <!-- Branch_Manage_Approval -->
      </class> <!-- GowriPrabhu.Test.PO_Creation -->
    </test> <!-- Test -->
  </suite> <!-- Suite -->
</testng-results>
